[BARCODE] bwip-js not available, using fallback SVG visualization
[OCR] Pattern-based label extraction ready (Tesseract.js recommended for production)
Seeded 118 orders
Status breakdown: [ { status: 'pending', n: 117 }, { status: 'processing', n: 1 } ]
ID sample: [
  {
    id: 'ORD-SG-118',
    client_name: 'Almighty',
    channel: 'tiktok',
    status: 'processing'
  },
  {
    id: 'ORD-SG-117',
    client_name: 'LZ8',
    channel: 'shopee',
    status: 'pending'
  },
  {
    id: 'ORD-SG-116',
    client_name: 'SimplyToy',
    channel: 'shopify',
    status: 'pending'
  },
  {
    id: 'ORD-SG-115',
    client_name: 'Athena Scents',
    channel: 'lazada',
    status: 'pending'
  },
  {
    id: 'ORD-SG-114',
    client_name: 'SmileFam',
    channel: 'tiktok',
    status: 'pending'
  }
]
[shopify-app] SHOPIFY_API_KEY / SHOPIFY_API_SECRET not set — Shopify app routes disabled

  IdealOMS ready → http://localhost:3000

  Auto-sync every 15 min (set SYNC_INTERVAL_MINUTES to change)

